c:\users\j015271e\downloads\final-year-project-server\finalyearprojectserver\x64\debug\finalyearprojectserver.pch
c:\users\j015271e\downloads\final-year-project-server\finalyearprojectserver\x64\debug\vc140.pdb
c:\users\j015271e\downloads\final-year-project-server\finalyearprojectserver\x64\debug\vc140.idb
c:\users\j015271e\downloads\final-year-project-server\finalyearprojectserver\x64\debug\stdafx.obj
c:\users\j015271e\downloads\final-year-project-server\finalyearprojectserver\x64\debug\finalyearprojectserver.obj
c:\users\j015271e\downloads\final-year-project-server\finalyearprojectserver\x64\debug\main.obj
c:\users\j015271e\downloads\final-year-project-server\x64\debug\finalyearprojectserver.ilk
c:\users\j015271e\downloads\final-year-project-server\x64\debug\finalyearprojectserver.exe
c:\users\j015271e\downloads\final-year-project-server\x64\debug\finalyearprojectserver.pdb
c:\users\ryan-pc\downloads\final-year-project-server\finalyearprojectserver\x64\debug\finalyearprojectserver.obj
c:\users\ryan-pc\downloads\final-year-project-server\finalyearprojectserver\x64\debug\main.obj
c:\users\ryan-pc\downloads\final-year-project-server\finalyearprojectserver\x64\debug\stdafx.obj
c:\users\ryan-pc\downloads\final-year-project-server\finalyearprojectserver\x64\debug\finalyearprojectserver.pch
c:\users\ryan-pc\downloads\final-year-project-server\finalyearprojectserver\x64\debug\vc140.idb
c:\users\ryan-pc\downloads\final-year-project-server\finalyearprojectserver\x64\debug\vc140.pdb
c:\users\ryan-pc\downloads\final-year-project-server\finalyearprojectserver\x64\debug\finalyea.5fe41987.tlog\cl.command.1.tlog
c:\users\ryan-pc\downloads\final-year-project-server\finalyearprojectserver\x64\debug\finalyea.5fe41987.tlog\cl.read.1.tlog
c:\users\ryan-pc\downloads\final-year-project-server\finalyearprojectserver\x64\debug\finalyea.5fe41987.tlog\cl.write.1.tlog
c:\users\ryan-pc\downloads\final-year-project-server\finalyearprojectserver\x64\debug\finalyea.5fe41987.tlog\link.command.1.tlog
c:\users\ryan-pc\downloads\final-year-project-server\finalyearprojectserver\x64\debug\finalyea.5fe41987.tlog\link.read.1.tlog
c:\users\ryan-pc\downloads\final-year-project-server\finalyearprojectserver\x64\debug\finalyea.5fe41987.tlog\link.write.1.tlog
